{"/home/anna/code/Project/frontend/src/api/client.ts": {"path":"/home/anna/code/Project/frontend/src/api/client.ts","statementMap":{"0":{"start":{"line":3,"column":18},"end":{"line":5,"column":null}}},"fnMap":{},"branchMap":{},"s":{"0":3},"f":{},"b":{},"meta":{"lastBranch":0,"lastFunction":0,"lastStatement":1,"seen":{"s:3:18:5:Infinity":0}}}
,"/home/anna/code/Project/frontend/src/api/requests/auth.ts": {"path":"/home/anna/code/Project/frontend/src/api/requests/auth.ts","statementMap":{"0":{"start":{"line":3,"column":27},"end":{"line":8,"column":null}},"1":{"start":{"line":4,"column":16},"end":{"line":4,"column":null}},"2":{"start":{"line":5,"column":2},"end":{"line":7,"column":null}}},"fnMap":{"0":{"name":"(anonymous_0)","decl":{"start":{"line":3,"column":27},"end":{"line":3,"column":34}},"loc":{"start":{"line":3,"column":49},"end":{"line":8,"column":null}},"line":3}},"branchMap":{},"s":{"0":3,"1":0,"2":0},"f":{"0":0},"b":{},"meta":{"lastBranch":0,"lastFunction":1,"lastStatement":3,"seen":{"s:3:27:8:Infinity":0,"f:3:27:3:34":0,"s:4:16:4:Infinity":1,"s:5:2:7:Infinity":2}}}
,"/home/anna/code/Project/frontend/src/api/requests/createTask.ts": {"path":"/home/anna/code/Project/frontend/src/api/requests/createTask.ts","statementMap":{"0":{"start":{"line":21,"column":26},"end":{"line":32,"column":null}},"1":{"start":{"line":26,"column":15},"end":{"line":30,"column":null}},"2":{"start":{"line":31,"column":2},"end":{"line":31,"column":null}}},"fnMap":{"0":{"name":"(anonymous_0)","decl":{"start":{"line":21,"column":26},"end":{"line":21,"column":null}},"loc":{"start":{"line":25,"column":5},"end":{"line":32,"column":null}},"line":25}},"branchMap":{},"s":{"0":3,"1":0,"2":0},"f":{"0":0},"b":{},"meta":{"lastBranch":0,"lastFunction":1,"lastStatement":3,"seen":{"s:21:26:32:Infinity":0,"f:21:26:21:Infinity":0,"s:26:15:30:Infinity":1,"s:31:2:31:Infinity":2}}}
,"/home/anna/code/Project/frontend/src/api/requests/createTournament.ts": {"path":"/home/anna/code/Project/frontend/src/api/requests/createTournament.ts","statementMap":{"0":{"start":{"line":15,"column":32},"end":{"line":36,"column":null}},"1":{"start":{"line":16,"column":2},"end":{"line":35,"column":null}},"2":{"start":{"line":17,"column":10},"end":{"line":17,"column":null}},"3":{"start":{"line":18,"column":17},"end":{"line":18,"column":null}},"4":{"start":{"line":20,"column":4},"end":{"line":22,"column":null}},"5":{"start":{"line":21,"column":6},"end":{"line":21,"column":null}},"6":{"start":{"line":24,"column":18},"end":{"line":24,"column":null}},"7":{"start":{"line":26,"column":17},"end":{"line":30,"column":null}},"8":{"start":{"line":31,"column":4},"end":{"line":31,"column":null}},"9":{"start":{"line":33,"column":4},"end":{"line":33,"column":null}},"10":{"start":{"line":34,"column":4},"end":{"line":34,"column":null}}},"fnMap":{"0":{"name":"(anonymous_0)","decl":{"start":{"line":15,"column":32},"end":{"line":15,"column":39}},"loc":{"start":{"line":15,"column":64},"end":{"line":36,"column":null}},"line":15}},"branchMap":{"0":{"loc":{"start":{"line":20,"column":4},"end":{"line":22,"column":null}},"type":"if","locations":[{"start":{"line":20,"column":4},"end":{"line":22,"column":null}},{"start":{},"end":{}}],"line":20}},"s":{"0":3,"1":0,"2":0,"3":0,"4":0,"5":0,"6":0,"7":0,"8":0,"9":0,"10":0},"f":{"0":0},"b":{"0":[0,0]},"meta":{"lastBranch":1,"lastFunction":1,"lastStatement":11,"seen":{"s:15:32:36:Infinity":0,"f:15:32:15:39":0,"s:16:2:35:Infinity":1,"s:17:10:17:Infinity":2,"s:18:17:18:Infinity":3,"b:20:4:22:Infinity:undefined:undefined:undefined:undefined":0,"s:20:4:22:Infinity":4,"s:21:6:21:Infinity":5,"s:24:18:24:Infinity":6,"s:26:17:30:Infinity":7,"s:31:4:31:Infinity":8,"s:33:4:33:Infinity":9,"s:34:4:34:Infinity":10}}}
,"/home/anna/code/Project/frontend/src/api/requests/deleteTask.ts": {"path":"/home/anna/code/Project/frontend/src/api/requests/deleteTask.ts","statementMap":{"0":{"start":{"line":5,"column":26},"end":{"line":14,"column":null}},"1":{"start":{"line":10,"column":2},"end":{"line":13,"column":null}}},"fnMap":{"0":{"name":"(anonymous_0)","decl":{"start":{"line":5,"column":26},"end":{"line":5,"column":null}},"loc":{"start":{"line":9,"column":5},"end":{"line":14,"column":null}},"line":9}},"branchMap":{},"s":{"0":3,"1":0},"f":{"0":0},"b":{},"meta":{"lastBranch":0,"lastFunction":1,"lastStatement":2,"seen":{"s:5:26:14:Infinity":0,"f:5:26:5:Infinity":0,"s:10:2:13:Infinity":1}}}
,"/home/anna/code/Project/frontend/src/api/requests/deleteTournament.ts": {"path":"/home/anna/code/Project/frontend/src/api/requests/deleteTournament.ts","statementMap":{"0":{"start":{"line":4,"column":32},"end":{"line":25,"column":null}},"1":{"start":{"line":5,"column":2},"end":{"line":24,"column":null}},"2":{"start":{"line":6,"column":10},"end":{"line":6,"column":null}},"3":{"start":{"line":7,"column":17},"end":{"line":7,"column":null}},"4":{"start":{"line":9,"column":4},"end":{"line":11,"column":null}},"5":{"start":{"line":10,"column":6},"end":{"line":10,"column":null}},"6":{"start":{"line":13,"column":18},"end":{"line":13,"column":null}},"7":{"start":{"line":14,"column":21},"end":{"line":18,"column":null}},"8":{"start":{"line":20,"column":4},"end":{"line":20,"column":null}},"9":{"start":{"line":22,"column":4},"end":{"line":22,"column":null}},"10":{"start":{"line":23,"column":4},"end":{"line":23,"column":null}}},"fnMap":{"0":{"name":"(anonymous_0)","decl":{"start":{"line":4,"column":32},"end":{"line":4,"column":39}},"loc":{"start":{"line":4,"column":64},"end":{"line":25,"column":null}},"line":4}},"branchMap":{"0":{"loc":{"start":{"line":9,"column":4},"end":{"line":11,"column":null}},"type":"if","locations":[{"start":{"line":9,"column":4},"end":{"line":11,"column":null}},{"start":{},"end":{}}],"line":9}},"s":{"0":3,"1":0,"2":0,"3":0,"4":0,"5":0,"6":0,"7":0,"8":0,"9":0,"10":0},"f":{"0":0},"b":{"0":[0,0]},"meta":{"lastBranch":1,"lastFunction":1,"lastStatement":11,"seen":{"s:4:32:25:Infinity":0,"f:4:32:4:39":0,"s:5:2:24:Infinity":1,"s:6:10:6:Infinity":2,"s:7:17:7:Infinity":3,"b:9:4:11:Infinity:undefined:undefined:undefined:undefined":0,"s:9:4:11:Infinity":4,"s:10:6:10:Infinity":5,"s:13:18:13:Infinity":6,"s:14:21:18:Infinity":7,"s:20:4:20:Infinity":8,"s:22:4:22:Infinity":9,"s:23:4:23:Infinity":10}}}
,"/home/anna/code/Project/frontend/src/api/requests/deleteUser.ts": {"path":"/home/anna/code/Project/frontend/src/api/requests/deleteUser.ts","statementMap":{"0":{"start":{"line":4,"column":26},"end":{"line":15,"column":null}},"1":{"start":{"line":5,"column":2},"end":{"line":14,"column":null}},"2":{"start":{"line":6,"column":18},"end":{"line":6,"column":null}},"3":{"start":{"line":7,"column":4},"end":{"line":11,"column":null}},"4":{"start":{"line":13,"column":4},"end":{"line":13,"column":null}}},"fnMap":{"0":{"name":"(anonymous_0)","decl":{"start":{"line":4,"column":26},"end":{"line":4,"column":33}},"loc":{"start":{"line":4,"column":48},"end":{"line":15,"column":null}},"line":4}},"branchMap":{},"s":{"0":3,"1":0,"2":0,"3":0,"4":0},"f":{"0":0},"b":{},"meta":{"lastBranch":0,"lastFunction":1,"lastStatement":5,"seen":{"s:4:26:15:Infinity":0,"f:4:26:4:33":0,"s:5:2:14:Infinity":1,"s:6:18:6:Infinity":2,"s:7:4:11:Infinity":3,"s:13:4:13:Infinity":4}}}
,"/home/anna/code/Project/frontend/src/api/requests/finishEvaluation.ts": {"path":"/home/anna/code/Project/frontend/src/api/requests/finishEvaluation.ts","statementMap":{"0":{"start":{"line":7,"column":32},"end":{"line":18,"column":null}},"1":{"start":{"line":12,"column":15},"end":{"line":16,"column":null}},"2":{"start":{"line":17,"column":2},"end":{"line":17,"column":null}}},"fnMap":{"0":{"name":"(anonymous_0)","decl":{"start":{"line":7,"column":32},"end":{"line":7,"column":null}},"loc":{"start":{"line":11,"column":5},"end":{"line":18,"column":null}},"line":11}},"branchMap":{},"s":{"0":3,"1":0,"2":0},"f":{"0":0},"b":{},"meta":{"lastBranch":0,"lastFunction":1,"lastStatement":3,"seen":{"s:7:32:18:Infinity":0,"f:7:32:7:Infinity":0,"s:12:15:16:Infinity":1,"s:17:2:17:Infinity":2}}}
,"/home/anna/code/Project/frontend/src/api/requests/getAllTournaments.ts": {"path":"/home/anna/code/Project/frontend/src/api/requests/getAllTournaments.ts","statementMap":{"0":{"start":{"line":3,"column":33},"end":{"line":11,"column":null}},"1":{"start":{"line":4,"column":2},"end":{"line":10,"column":null}},"2":{"start":{"line":5,"column":17},"end":{"line":5,"column":null}},"3":{"start":{"line":6,"column":4},"end":{"line":6,"column":null}},"4":{"start":{"line":8,"column":4},"end":{"line":8,"column":null}},"5":{"start":{"line":9,"column":4},"end":{"line":9,"column":null}}},"fnMap":{"0":{"name":"(anonymous_0)","decl":{"start":{"line":3,"column":33},"end":{"line":3,"column":45}},"loc":{"start":{"line":3,"column":45},"end":{"line":11,"column":null}},"line":3}},"branchMap":{},"s":{"0":3,"1":0,"2":0,"3":0,"4":0,"5":0},"f":{"0":0},"b":{},"meta":{"lastBranch":0,"lastFunction":1,"lastStatement":6,"seen":{"s:3:33:11:Infinity":0,"f:3:33:3:45":0,"s:4:2:10:Infinity":1,"s:5:17:5:Infinity":2,"s:6:4:6:Infinity":3,"s:8:4:8:Infinity":4,"s:9:4:9:Infinity":5}}}
,"/home/anna/code/Project/frontend/src/api/requests/getAllUsers.ts": {"path":"/home/anna/code/Project/frontend/src/api/requests/getAllUsers.ts","statementMap":{"0":{"start":{"line":3,"column":27},"end":{"line":11,"column":null}},"1":{"start":{"line":4,"column":2},"end":{"line":10,"column":null}},"2":{"start":{"line":5,"column":17},"end":{"line":5,"column":null}},"3":{"start":{"line":6,"column":4},"end":{"line":6,"column":null}},"4":{"start":{"line":8,"column":4},"end":{"line":8,"column":null}},"5":{"start":{"line":9,"column":4},"end":{"line":9,"column":null}}},"fnMap":{"0":{"name":"(anonymous_0)","decl":{"start":{"line":3,"column":27},"end":{"line":3,"column":39}},"loc":{"start":{"line":3,"column":39},"end":{"line":11,"column":null}},"line":3}},"branchMap":{},"s":{"0":3,"1":0,"2":0,"3":0,"4":0,"5":0},"f":{"0":0},"b":{},"meta":{"lastBranch":0,"lastFunction":1,"lastStatement":6,"seen":{"s:3:27:11:Infinity":0,"f:3:27:3:39":0,"s:4:2:10:Infinity":1,"s:5:17:5:Infinity":2,"s:6:4:6:Infinity":3,"s:8:4:8:Infinity":4,"s:9:4:9:Infinity":5}}}
,"/home/anna/code/Project/frontend/src/api/requests/getJuryAssignments.ts": {"path":"/home/anna/code/Project/frontend/src/api/requests/getJuryAssignments.ts","statementMap":{"0":{"start":{"line":7,"column":34},"end":{"line":18,"column":null}},"1":{"start":{"line":11,"column":15},"end":{"line":16,"column":null}},"2":{"start":{"line":17,"column":2},"end":{"line":17,"column":null}}},"fnMap":{"0":{"name":"(anonymous_0)","decl":{"start":{"line":7,"column":34},"end":{"line":7,"column":null}},"loc":{"start":{"line":10,"column":5},"end":{"line":18,"column":null}},"line":10}},"branchMap":{},"s":{"0":3,"1":0,"2":0},"f":{"0":0},"b":{},"meta":{"lastBranch":0,"lastFunction":1,"lastStatement":3,"seen":{"s:7:34:18:Infinity":0,"f:7:34:7:Infinity":0,"s:11:15:16:Infinity":1,"s:17:2:17:Infinity":2}}}
,"/home/anna/code/Project/frontend/src/api/requests/getJuryTasks.ts": {"path":"/home/anna/code/Project/frontend/src/api/requests/getJuryTasks.ts","statementMap":{"0":{"start":{"line":7,"column":28},"end":{"line":12,"column":null}},"1":{"start":{"line":8,"column":15},"end":{"line":10,"column":null}},"2":{"start":{"line":11,"column":2},"end":{"line":11,"column":null}}},"fnMap":{"0":{"name":"(anonymous_0)","decl":{"start":{"line":7,"column":28},"end":{"line":7,"column":35}},"loc":{"start":{"line":7,"column":50},"end":{"line":12,"column":null}},"line":7}},"branchMap":{},"s":{"0":3,"1":0,"2":0},"f":{"0":0},"b":{},"meta":{"lastBranch":0,"lastFunction":1,"lastStatement":3,"seen":{"s:7:28:12:Infinity":0,"f:7:28:7:35":0,"s:8:15:10:Infinity":1,"s:11:2:11:Infinity":2}}}
,"/home/anna/code/Project/frontend/src/api/requests/getNews.ts": {"path":"/home/anna/code/Project/frontend/src/api/requests/getNews.ts","statementMap":{"0":{"start":{"line":29,"column":4},"end":{"line":54,"column":null}},"1":{"start":{"line":56,"column":23},"end":{"line":76,"column":null}},"2":{"start":{"line":57,"column":19},"end":{"line":57,"column":null}},"3":{"start":{"line":58,"column":2},"end":{"line":75,"column":null}},"4":{"start":{"line":60,"column":6},"end":{"line":60,"column":null}},"5":{"start":{"line":61,"column":4},"end":{"line":74,"column":null}}},"fnMap":{"0":{"name":"(anonymous_0)","decl":{"start":{"line":56,"column":23},"end":{"line":56,"column":59}},"loc":{"start":{"line":56,"column":59},"end":{"line":76,"column":null}},"line":56},"1":{"name":"(anonymous_1)","decl":{"start":{"line":58,"column":27},"end":{"line":58,"column":28}},"loc":{"start":{"line":58,"column":37},"end":{"line":75,"column":3}},"line":58}},"branchMap":{"0":{"loc":{"start":{"line":60,"column":6},"end":{"line":60,"column":null}},"type":"binary-expr","locations":[{"start":{"line":60,"column":6},"end":{"line":60,"column":44}},{"start":{"line":60,"column":44},"end":{"line":60,"column":null}}],"line":60}},"s":{"0":3,"1":3,"2":0,"3":0,"4":0,"5":0},"f":{"0":0,"1":0},"b":{"0":[0,0]},"meta":{"lastBranch":1,"lastFunction":2,"lastStatement":6,"seen":{"s:29:4:54:Infinity":0,"s:56:23:76:Infinity":1,"f:56:23:56:59":0,"s:57:19:57:Infinity":2,"s:58:2:75:Infinity":3,"f:58:27:58:28":1,"s:60:6:60:Infinity":4,"b:60:6:60:44:60:44:60:Infinity":0,"s:61:4:74:Infinity":5}}}
,"/home/anna/code/Project/frontend/src/api/requests/getProfile.ts": {"path":"/home/anna/code/Project/frontend/src/api/requests/getProfile.ts","statementMap":{"0":{"start":{"line":4,"column":26},"end":{"line":16,"column":null}},"1":{"start":{"line":5,"column":2},"end":{"line":15,"column":null}},"2":{"start":{"line":6,"column":18},"end":{"line":6,"column":null}},"3":{"start":{"line":7,"column":17},"end":{"line":11,"column":null}},"4":{"start":{"line":12,"column":4},"end":{"line":12,"column":null}},"5":{"start":{"line":14,"column":4},"end":{"line":14,"column":null}}},"fnMap":{"0":{"name":"(anonymous_0)","decl":{"start":{"line":4,"column":26},"end":{"line":4,"column":33}},"loc":{"start":{"line":4,"column":48},"end":{"line":16,"column":null}},"line":4}},"branchMap":{},"s":{"0":3,"1":0,"2":0,"3":0,"4":0,"5":0},"f":{"0":0},"b":{},"meta":{"lastBranch":0,"lastFunction":1,"lastStatement":6,"seen":{"s:4:26:16:Infinity":0,"f:4:26:4:33":0,"s:5:2:15:Infinity":1,"s:6:18:6:Infinity":2,"s:7:17:11:Infinity":3,"s:12:4:12:Infinity":4,"s:14:4:14:Infinity":5}}}
,"/home/anna/code/Project/frontend/src/api/requests/getSubmissions.ts": {"path":"/home/anna/code/Project/frontend/src/api/requests/getSubmissions.ts","statementMap":{"0":{"start":{"line":36,"column":30},"end":{"line":49,"column":null}},"1":{"start":{"line":37,"column":2},"end":{"line":48,"column":null}},"2":{"start":{"line":38,"column":18},"end":{"line":38,"column":null}},"3":{"start":{"line":39,"column":17},"end":{"line":43,"column":null}},"4":{"start":{"line":45,"column":4},"end":{"line":45,"column":null}},"5":{"start":{"line":47,"column":4},"end":{"line":47,"column":null}}},"fnMap":{"0":{"name":"(anonymous_0)","decl":{"start":{"line":36,"column":30},"end":{"line":36,"column":37}},"loc":{"start":{"line":36,"column":73},"end":{"line":49,"column":null}},"line":36}},"branchMap":{},"s":{"0":3,"1":0,"2":0,"3":0,"4":0,"5":0},"f":{"0":0},"b":{},"meta":{"lastBranch":0,"lastFunction":1,"lastStatement":6,"seen":{"s:36:30:49:Infinity":0,"f:36:30:36:37":0,"s:37:2:48:Infinity":1,"s:38:18:38:Infinity":2,"s:39:17:43:Infinity":3,"s:45:4:45:Infinity":4,"s:47:4:47:Infinity":5}}}
,"/home/anna/code/Project/frontend/src/api/requests/getTask.ts": {"path":"/home/anna/code/Project/frontend/src/api/requests/getTask.ts","statementMap":{"0":{"start":{"line":4,"column":23},"end":{"line":9,"column":null}},"1":{"start":{"line":5,"column":15},"end":{"line":7,"column":null}},"2":{"start":{"line":8,"column":2},"end":{"line":8,"column":null}}},"fnMap":{"0":{"name":"(anonymous_0)","decl":{"start":{"line":4,"column":23},"end":{"line":4,"column":30}},"loc":{"start":{"line":4,"column":71},"end":{"line":9,"column":null}},"line":4}},"branchMap":{},"s":{"0":3,"1":0,"2":0},"f":{"0":0},"b":{},"meta":{"lastBranch":0,"lastFunction":1,"lastStatement":3,"seen":{"s:4:23:9:Infinity":0,"f:4:23:4:30":0,"s:5:15:7:Infinity":1,"s:8:2:8:Infinity":2}}}
,"/home/anna/code/Project/frontend/src/api/requests/getUser.ts": {"path":"/home/anna/code/Project/frontend/src/api/requests/getUser.ts","statementMap":{"0":{"start":{"line":3,"column":23},"end":{"line":10,"column":null}},"1":{"start":{"line":4,"column":2},"end":{"line":9,"column":null}},"2":{"start":{"line":5,"column":17},"end":{"line":5,"column":null}},"3":{"start":{"line":6,"column":4},"end":{"line":6,"column":null}},"4":{"start":{"line":8,"column":4},"end":{"line":8,"column":null}}},"fnMap":{"0":{"name":"(anonymous_0)","decl":{"start":{"line":3,"column":23},"end":{"line":3,"column":30}},"loc":{"start":{"line":3,"column":46},"end":{"line":10,"column":null}},"line":3}},"branchMap":{},"s":{"0":3,"1":0,"2":0,"3":0,"4":0},"f":{"0":0},"b":{},"meta":{"lastBranch":0,"lastFunction":1,"lastStatement":5,"seen":{"s:3:23:10:Infinity":0,"f:3:23:3:30":0,"s:4:2:9:Infinity":1,"s:5:17:5:Infinity":2,"s:6:4:6:Infinity":3,"s:8:4:8:Infinity":4}}}
,"/home/anna/code/Project/frontend/src/api/requests/index.ts": {"path":"/home/anna/code/Project/frontend/src/api/requests/index.ts","statementMap":{},"fnMap":{},"branchMap":{},"s":{},"f":{},"b":{},"meta":{"lastBranch":0,"lastFunction":0,"lastStatement":0,"seen":{}}}
,"/home/anna/code/Project/frontend/src/api/requests/requestRole.ts": {"path":"/home/anna/code/Project/frontend/src/api/requests/requestRole.ts","statementMap":{"0":{"start":{"line":9,"column":27},"end":{"line":31,"column":null}},"1":{"start":{"line":15,"column":16},"end":{"line":15,"column":null}},"2":{"start":{"line":16,"column":19},"end":{"line":28,"column":null}},"3":{"start":{"line":30,"column":2},"end":{"line":30,"column":null}}},"fnMap":{"0":{"name":"(anonymous_0)","decl":{"start":{"line":9,"column":27},"end":{"line":9,"column":null}},"loc":{"start":{"line":14,"column":5},"end":{"line":31,"column":null}},"line":14}},"branchMap":{},"s":{"0":3,"1":0,"2":0,"3":0},"f":{"0":0},"b":{},"meta":{"lastBranch":0,"lastFunction":1,"lastStatement":4,"seen":{"s:9:27:31:Infinity":0,"f:9:27:9:Infinity":0,"s:15:16:15:Infinity":1,"s:16:19:28:Infinity":2,"s:30:2:30:Infinity":3}}}
,"/home/anna/code/Project/frontend/src/api/requests/saveAssignmentEvaluation.ts": {"path":"/home/anna/code/Project/frontend/src/api/requests/saveAssignmentEvaluation.ts","statementMap":{"0":{"start":{"line":7,"column":40},"end":{"line":28,"column":null}},"1":{"start":{"line":13,"column":17},"end":{"line":15,"column":null}},"2":{"start":{"line":16,"column":15},"end":{"line":26,"column":null}},"3":{"start":{"line":27,"column":2},"end":{"line":27,"column":null}}},"fnMap":{"0":{"name":"(anonymous_0)","decl":{"start":{"line":7,"column":40},"end":{"line":7,"column":null}},"loc":{"start":{"line":12,"column":5},"end":{"line":28,"column":null}},"line":12}},"branchMap":{"0":{"loc":{"start":{"line":16,"column":15},"end":{"line":26,"column":null}},"type":"cond-expr","locations":[{"start":{"line":17,"column":6},"end":{"line":21,"column":null}},{"start":{"line":22,"column":6},"end":{"line":26,"column":null}}],"line":16}},"s":{"0":3,"1":0,"2":0,"3":0},"f":{"0":0},"b":{"0":[0,0]},"meta":{"lastBranch":1,"lastFunction":1,"lastStatement":4,"seen":{"s:7:40:28:Infinity":0,"f:7:40:7:Infinity":0,"s:13:17:15:Infinity":1,"s:16:15:26:Infinity":2,"b:17:6:21:Infinity:22:6:26:Infinity":0,"s:27:2:27:Infinity":3}}}
,"/home/anna/code/Project/frontend/src/api/requests/types.ts": {"path":"/home/anna/code/Project/frontend/src/api/requests/types.ts","statementMap":{},"fnMap":{},"branchMap":{},"s":{},"f":{},"b":{},"meta":{"lastBranch":0,"lastFunction":0,"lastStatement":0,"seen":{}}}
,"/home/anna/code/Project/frontend/src/api/requests/updateProfile.ts": {"path":"/home/anna/code/Project/frontend/src/api/requests/updateProfile.ts","statementMap":{"0":{"start":{"line":11,"column":29},"end":{"line":25,"column":null}},"1":{"start":{"line":12,"column":2},"end":{"line":24,"column":null}},"2":{"start":{"line":13,"column":18},"end":{"line":13,"column":null}},"3":{"start":{"line":14,"column":21},"end":{"line":18,"column":null}},"4":{"start":{"line":20,"column":4},"end":{"line":20,"column":null}},"5":{"start":{"line":22,"column":4},"end":{"line":22,"column":null}},"6":{"start":{"line":23,"column":4},"end":{"line":23,"column":null}}},"fnMap":{"0":{"name":"(anonymous_0)","decl":{"start":{"line":11,"column":29},"end":{"line":11,"column":36}},"loc":{"start":{"line":11,"column":73},"end":{"line":25,"column":null}},"line":11}},"branchMap":{},"s":{"0":3,"1":0,"2":0,"3":0,"4":0,"5":0,"6":0},"f":{"0":0},"b":{},"meta":{"lastBranch":0,"lastFunction":1,"lastStatement":7,"seen":{"s:11:29:25:Infinity":0,"f:11:29:11:36":0,"s:12:2:24:Infinity":1,"s:13:18:13:Infinity":2,"s:14:21:18:Infinity":3,"s:20:4:20:Infinity":4,"s:22:4:22:Infinity":5,"s:23:4:23:Infinity":6}}}
,"/home/anna/code/Project/frontend/src/api/requests/updateTask.ts": {"path":"/home/anna/code/Project/frontend/src/api/requests/updateTask.ts","statementMap":{"0":{"start":{"line":15,"column":26},"end":{"line":27,"column":null}},"1":{"start":{"line":21,"column":15},"end":{"line":25,"column":null}},"2":{"start":{"line":26,"column":2},"end":{"line":26,"column":null}}},"fnMap":{"0":{"name":"(anonymous_0)","decl":{"start":{"line":15,"column":26},"end":{"line":15,"column":null}},"loc":{"start":{"line":20,"column":5},"end":{"line":27,"column":null}},"line":20}},"branchMap":{},"s":{"0":3,"1":0,"2":0},"f":{"0":0},"b":{},"meta":{"lastBranch":0,"lastFunction":1,"lastStatement":3,"seen":{"s:15:26:27:Infinity":0,"f:15:26:15:Infinity":0,"s:21:15:25:Infinity":1,"s:26:2:26:Infinity":2}}}
,"/home/anna/code/Project/frontend/src/api/requests/updateTournament.ts": {"path":"/home/anna/code/Project/frontend/src/api/requests/updateTournament.ts","statementMap":{"0":{"start":{"line":13,"column":32},"end":{"line":39,"column":null}},"1":{"start":{"line":17,"column":2},"end":{"line":38,"column":null}},"2":{"start":{"line":19,"column":10},"end":{"line":19,"column":null}},"3":{"start":{"line":20,"column":17},"end":{"line":20,"column":null}},"4":{"start":{"line":22,"column":4},"end":{"line":24,"column":null}},"5":{"start":{"line":23,"column":6},"end":{"line":23,"column":null}},"6":{"start":{"line":26,"column":18},"end":{"line":26,"column":null}},"7":{"start":{"line":28,"column":21},"end":{"line":32,"column":null}},"8":{"start":{"line":34,"column":4},"end":{"line":34,"column":null}},"9":{"start":{"line":36,"column":4},"end":{"line":36,"column":null}},"10":{"start":{"line":37,"column":4},"end":{"line":37,"column":null}}},"fnMap":{"0":{"name":"(anonymous_0)","decl":{"start":{"line":13,"column":32},"end":{"line":13,"column":null}},"loc":{"start":{"line":16,"column":5},"end":{"line":39,"column":null}},"line":16}},"branchMap":{"0":{"loc":{"start":{"line":22,"column":4},"end":{"line":24,"column":null}},"type":"if","locations":[{"start":{"line":22,"column":4},"end":{"line":24,"column":null}},{"start":{},"end":{}}],"line":22}},"s":{"0":3,"1":0,"2":0,"3":0,"4":0,"5":0,"6":0,"7":0,"8":0,"9":0,"10":0},"f":{"0":0},"b":{"0":[0,0]},"meta":{"lastBranch":1,"lastFunction":1,"lastStatement":11,"seen":{"s:13:32:39:Infinity":0,"f:13:32:13:Infinity":0,"s:17:2:38:Infinity":1,"s:19:10:19:Infinity":2,"s:20:17:20:Infinity":3,"b:22:4:24:Infinity:undefined:undefined:undefined:undefined":0,"s:22:4:24:Infinity":4,"s:23:6:23:Infinity":5,"s:26:18:26:Infinity":6,"s:28:21:32:Infinity":7,"s:34:4:34:Infinity":8,"s:36:4:36:Infinity":9,"s:37:4:37:Infinity":10}}}
,"/home/anna/code/Project/frontend/src/components/ui/Button.tsx": {"path":"/home/anna/code/Project/frontend/src/components/ui/Button.tsx","statementMap":{"0":{"start":{"line":17,"column":53},"end":{"line":26,"column":null}},"1":{"start":{"line":28,"column":47},"end":{"line":32,"column":null}},"2":{"start":{"line":34,"column":22},"end":{"line":67,"column":null}},"3":{"start":{"line":45,"column":21},"end":{"line":45,"column":null}},"4":{"start":{"line":47,"column":2},"end":{"line":65,"column":null}}},"fnMap":{"0":{"name":"(anonymous_0)","decl":{"start":{"line":34,"column":22},"end":{"line":34,"column":23}},"loc":{"start":{"line":44,"column":19},"end":{"line":67,"column":null}},"line":44}},"branchMap":{"0":{"loc":{"start":{"line":35,"column":2},"end":{"line":35,"column":null}},"type":"default-arg","locations":[{"start":{"line":35,"column":12},"end":{"line":35,"column":null}}],"line":35},"1":{"loc":{"start":{"line":36,"column":2},"end":{"line":36,"column":null}},"type":"default-arg","locations":[{"start":{"line":36,"column":9},"end":{"line":36,"column":null}}],"line":36},"2":{"loc":{"start":{"line":37,"column":2},"end":{"line":37,"column":null}},"type":"default-arg","locations":[{"start":{"line":37,"column":14},"end":{"line":37,"column":null}}],"line":37},"3":{"loc":{"start":{"line":45,"column":21},"end":{"line":45,"column":null}},"type":"binary-expr","locations":[{"start":{"line":45,"column":21},"end":{"line":45,"column":33}},{"start":{"line":45,"column":33},"end":{"line":45,"column":null}}],"line":45},"4":{"loc":{"start":{"line":49,"column":27},"end":{"line":49,"column":49}},"type":"cond-expr","locations":[{"start":{"line":49,"column":40},"end":{"line":49,"column":44}},{"start":{"line":49,"column":44},"end":{"line":49,"column":49}}],"line":49},"5":{"loc":{"start":{"line":50,"column":25},"end":{"line":50,"column":47}},"type":"cond-expr","locations":[{"start":{"line":50,"column":38},"end":{"line":50,"column":42}},{"start":{"line":50,"column":42},"end":{"line":50,"column":47}}],"line":50},"6":{"loc":{"start":{"line":61,"column":7},"end":{"line":61,"column":null}},"type":"binary-expr","locations":[{"start":{"line":61,"column":7},"end":{"line":61,"column":20}},{"start":{"line":61,"column":20},"end":{"line":61,"column":null}}],"line":61},"7":{"loc":{"start":{"line":62,"column":7},"end":{"line":62,"column":null}},"type":"binary-expr","locations":[{"start":{"line":62,"column":7},"end":{"line":62,"column":21}},{"start":{"line":62,"column":21},"end":{"line":62,"column":null}}],"line":62},"8":{"loc":{"start":{"line":64,"column":7},"end":{"line":64,"column":null}},"type":"binary-expr","locations":[{"start":{"line":64,"column":7},"end":{"line":64,"column":21}},{"start":{"line":64,"column":21},"end":{"line":64,"column":null}}],"line":64}},"s":{"0":2,"1":2,"2":2,"3":30,"4":30},"f":{"0":30},"b":{"0":[30],"1":[30],"2":[30],"3":[30,30],"4":[0,30],"5":[0,30],"6":[30,0],"7":[30,30],"8":[30,30]},"meta":{"lastBranch":9,"lastFunction":1,"lastStatement":5,"seen":{"s:17:53:26:Infinity":0,"s:28:47:32:Infinity":1,"s:34:22:67:Infinity":2,"f:34:22:34:23":0,"b:35:12:35:Infinity":0,"b:36:9:36:Infinity":1,"b:37:14:37:Infinity":2,"s:45:21:45:Infinity":3,"b:45:21:45:33:45:33:45:Infinity":3,"s:47:2:65:Infinity":4,"b:49:40:49:44:49:44:49:49":4,"b:50:38:50:42:50:42:50:47":5,"b:61:7:61:20:61:20:61:Infinity":6,"b:62:7:62:21:62:21:62:Infinity":7,"b:64:7:64:21:64:21:64:Infinity":8}}}
,"/home/anna/code/Project/frontend/src/config/appConfig.ts": {"path":"/home/anna/code/Project/frontend/src/config/appConfig.ts","statementMap":{"0":{"start":{"line":25,"column":25},"end":{"line":25,"column":null}},"1":{"start":{"line":27,"column":21},"end":{"line":27,"column":null}},"2":{"start":{"line":28,"column":34},"end":{"line":28,"column":null}},"3":{"start":{"line":29,"column":28},"end":{"line":29,"column":null}},"4":{"start":{"line":30,"column":30},"end":{"line":30,"column":null}},"5":{"start":{"line":32,"column":26},"end":{"line":34,"column":null}},"6":{"start":{"line":33,"column":22},"end":{"line":33,"column":39}},"7":{"start":{"line":36,"column":38},"end":{"line":38,"column":null}},"8":{"start":{"line":37,"column":37},"end":{"line":37,"column":58}},"9":{"start":{"line":40,"column":32},"end":{"line":42,"column":null}},"10":{"start":{"line":41,"column":31},"end":{"line":41,"column":52}},"11":{"start":{"line":44,"column":34},"end":{"line":46,"column":null}},"12":{"start":{"line":45,"column":35},"end":{"line":45,"column":60}}},"fnMap":{"0":{"name":"(anonymous_0)","decl":{"start":{"line":33,"column":12},"end":{"line":33,"column":13}},"loc":{"start":{"line":33,"column":22},"end":{"line":33,"column":39}},"line":33},"1":{"name":"(anonymous_1)","decl":{"start":{"line":37,"column":25},"end":{"line":37,"column":26}},"loc":{"start":{"line":37,"column":37},"end":{"line":37,"column":58}},"line":37},"2":{"name":"(anonymous_2)","decl":{"start":{"line":41,"column":19},"end":{"line":41,"column":20}},"loc":{"start":{"line":41,"column":31},"end":{"line":41,"column":52}},"line":41},"3":{"name":"(anonymous_3)","decl":{"start":{"line":45,"column":21},"end":{"line":45,"column":22}},"loc":{"start":{"line":45,"column":35},"end":{"line":45,"column":60}},"line":45}},"branchMap":{},"s":{"0":5,"1":5,"2":5,"3":5,"4":5,"5":5,"6":15,"7":5,"8":20,"9":5,"10":20,"11":5,"12":30},"f":{"0":15,"1":20,"2":20,"3":30},"b":{},"meta":{"lastBranch":0,"lastFunction":4,"lastStatement":13,"seen":{"s:25:25:25:Infinity":0,"s:27:21:27:Infinity":1,"s:28:34:28:Infinity":2,"s:29:28:29:Infinity":3,"s:30:30:30:Infinity":4,"s:32:26:34:Infinity":5,"f:33:12:33:13":0,"s:33:22:33:39":6,"s:36:38:38:Infinity":7,"f:37:25:37:26":1,"s:37:37:37:58":8,"s:40:32:42:Infinity":9,"f:41:19:41:20":2,"s:41:31:41:52":10,"s:44:34:46:Infinity":11,"f:45:21:45:22":3,"s:45:35:45:60":12}}}
,"/home/anna/code/Project/frontend/src/i18n/config.ts": {"path":"/home/anna/code/Project/frontend/src/i18n/config.ts","statementMap":{"0":{"start":{"line":36,"column":18},"end":{"line":70,"column":null}},"1":{"start":{"line":72,"column":0},"end":{"line":98,"column":null}}},"fnMap":{},"branchMap":{},"s":{"0":8,"1":8},"f":{},"b":{},"meta":{"lastBranch":0,"lastFunction":0,"lastStatement":2,"seen":{"s:36:18:70:Infinity":0,"s:72:0:98:Infinity":1}}}
,"/home/anna/code/Project/frontend/src/locales/en/about.json": {"path":"/home/anna/code/Project/frontend/src/locales/en/about.json","statementMap":{},"fnMap":{},"branchMap":{},"s":{},"f":{},"b":{},"meta":{"lastBranch":0,"lastFunction":0,"lastStatement":0,"seen":{}}}
,"/home/anna/code/Project/frontend/src/locales/en/auth.json": {"path":"/home/anna/code/Project/frontend/src/locales/en/auth.json","statementMap":{},"fnMap":{},"branchMap":{},"s":{},"f":{},"b":{},"meta":{"lastBranch":0,"lastFunction":0,"lastStatement":0,"seen":{}}}
,"/home/anna/code/Project/frontend/src/locales/en/common.json": {"path":"/home/anna/code/Project/frontend/src/locales/en/common.json","statementMap":{},"fnMap":{},"branchMap":{},"s":{},"f":{},"b":{},"meta":{"lastBranch":0,"lastFunction":0,"lastStatement":0,"seen":{}}}
,"/home/anna/code/Project/frontend/src/locales/en/contact.json": {"path":"/home/anna/code/Project/frontend/src/locales/en/contact.json","statementMap":{},"fnMap":{},"branchMap":{},"s":{},"f":{},"b":{},"meta":{"lastBranch":0,"lastFunction":0,"lastStatement":0,"seen":{}}}
,"/home/anna/code/Project/frontend/src/locales/en/faq.json": {"path":"/home/anna/code/Project/frontend/src/locales/en/faq.json","statementMap":{},"fnMap":{},"branchMap":{},"s":{},"f":{},"b":{},"meta":{"lastBranch":0,"lastFunction":0,"lastStatement":0,"seen":{}}}
,"/home/anna/code/Project/frontend/src/locales/en/home.json": {"path":"/home/anna/code/Project/frontend/src/locales/en/home.json","statementMap":{},"fnMap":{},"branchMap":{},"s":{},"f":{},"b":{},"meta":{"lastBranch":0,"lastFunction":0,"lastStatement":0,"seen":{}}}
,"/home/anna/code/Project/frontend/src/locales/en/jury.json": {"path":"/home/anna/code/Project/frontend/src/locales/en/jury.json","statementMap":{},"fnMap":{},"branchMap":{},"s":{},"f":{},"b":{},"meta":{"lastBranch":0,"lastFunction":0,"lastStatement":0,"seen":{}}}
,"/home/anna/code/Project/frontend/src/locales/en/modals.json": {"path":"/home/anna/code/Project/frontend/src/locales/en/modals.json","statementMap":{},"fnMap":{},"branchMap":{},"s":{},"f":{},"b":{},"meta":{"lastBranch":0,"lastFunction":0,"lastStatement":0,"seen":{}}}
,"/home/anna/code/Project/frontend/src/locales/en/profile.json": {"path":"/home/anna/code/Project/frontend/src/locales/en/profile.json","statementMap":{},"fnMap":{},"branchMap":{},"s":{},"f":{},"b":{},"meta":{"lastBranch":0,"lastFunction":0,"lastStatement":0,"seen":{}}}
,"/home/anna/code/Project/frontend/src/locales/en/registration.json": {"path":"/home/anna/code/Project/frontend/src/locales/en/registration.json","statementMap":{},"fnMap":{},"branchMap":{},"s":{},"f":{},"b":{},"meta":{"lastBranch":0,"lastFunction":0,"lastStatement":0,"seen":{}}}
,"/home/anna/code/Project/frontend/src/locales/en/roleRequest.json": {"path":"/home/anna/code/Project/frontend/src/locales/en/roleRequest.json","statementMap":{},"fnMap":{},"branchMap":{},"s":{},"f":{},"b":{},"meta":{"lastBranch":0,"lastFunction":0,"lastStatement":0,"seen":{}}}
,"/home/anna/code/Project/frontend/src/locales/en/rules.json": {"path":"/home/anna/code/Project/frontend/src/locales/en/rules.json","statementMap":{},"fnMap":{},"branchMap":{},"s":{},"f":{},"b":{},"meta":{"lastBranch":0,"lastFunction":0,"lastStatement":0,"seen":{}}}
,"/home/anna/code/Project/frontend/src/locales/en/support.json": {"path":"/home/anna/code/Project/frontend/src/locales/en/support.json","statementMap":{},"fnMap":{},"branchMap":{},"s":{},"f":{},"b":{},"meta":{"lastBranch":0,"lastFunction":0,"lastStatement":0,"seen":{}}}
,"/home/anna/code/Project/frontend/src/locales/en/tournaments.json": {"path":"/home/anna/code/Project/frontend/src/locales/en/tournaments.json","statementMap":{},"fnMap":{},"branchMap":{},"s":{},"f":{},"b":{},"meta":{"lastBranch":0,"lastFunction":0,"lastStatement":0,"seen":{}}}
,"/home/anna/code/Project/frontend/src/locales/uk/about.json": {"path":"/home/anna/code/Project/frontend/src/locales/uk/about.json","statementMap":{},"fnMap":{},"branchMap":{},"s":{},"f":{},"b":{},"meta":{"lastBranch":0,"lastFunction":0,"lastStatement":0,"seen":{}}}
,"/home/anna/code/Project/frontend/src/locales/uk/auth.json": {"path":"/home/anna/code/Project/frontend/src/locales/uk/auth.json","statementMap":{},"fnMap":{},"branchMap":{},"s":{},"f":{},"b":{},"meta":{"lastBranch":0,"lastFunction":0,"lastStatement":0,"seen":{}}}
,"/home/anna/code/Project/frontend/src/locales/uk/common.json": {"path":"/home/anna/code/Project/frontend/src/locales/uk/common.json","statementMap":{},"fnMap":{},"branchMap":{},"s":{},"f":{},"b":{},"meta":{"lastBranch":0,"lastFunction":0,"lastStatement":0,"seen":{}}}
,"/home/anna/code/Project/frontend/src/locales/uk/contact.json": {"path":"/home/anna/code/Project/frontend/src/locales/uk/contact.json","statementMap":{},"fnMap":{},"branchMap":{},"s":{},"f":{},"b":{},"meta":{"lastBranch":0,"lastFunction":0,"lastStatement":0,"seen":{}}}
,"/home/anna/code/Project/frontend/src/locales/uk/faq.json": {"path":"/home/anna/code/Project/frontend/src/locales/uk/faq.json","statementMap":{},"fnMap":{},"branchMap":{},"s":{},"f":{},"b":{},"meta":{"lastBranch":0,"lastFunction":0,"lastStatement":0,"seen":{}}}
,"/home/anna/code/Project/frontend/src/locales/uk/home.json": {"path":"/home/anna/code/Project/frontend/src/locales/uk/home.json","statementMap":{},"fnMap":{},"branchMap":{},"s":{},"f":{},"b":{},"meta":{"lastBranch":0,"lastFunction":0,"lastStatement":0,"seen":{}}}
,"/home/anna/code/Project/frontend/src/locales/uk/jury.json": {"path":"/home/anna/code/Project/frontend/src/locales/uk/jury.json","statementMap":{},"fnMap":{},"branchMap":{},"s":{},"f":{},"b":{},"meta":{"lastBranch":0,"lastFunction":0,"lastStatement":0,"seen":{}}}
,"/home/anna/code/Project/frontend/src/locales/uk/modals.json": {"path":"/home/anna/code/Project/frontend/src/locales/uk/modals.json","statementMap":{},"fnMap":{},"branchMap":{},"s":{},"f":{},"b":{},"meta":{"lastBranch":0,"lastFunction":0,"lastStatement":0,"seen":{}}}
,"/home/anna/code/Project/frontend/src/locales/uk/news.json": {"path":"/home/anna/code/Project/frontend/src/locales/uk/news.json","statementMap":{},"fnMap":{},"branchMap":{},"s":{},"f":{},"b":{},"meta":{"lastBranch":0,"lastFunction":0,"lastStatement":0,"seen":{}}}
,"/home/anna/code/Project/frontend/src/locales/uk/profile.json": {"path":"/home/anna/code/Project/frontend/src/locales/uk/profile.json","statementMap":{},"fnMap":{},"branchMap":{},"s":{},"f":{},"b":{},"meta":{"lastBranch":0,"lastFunction":0,"lastStatement":0,"seen":{}}}
,"/home/anna/code/Project/frontend/src/locales/uk/registration.json": {"path":"/home/anna/code/Project/frontend/src/locales/uk/registration.json","statementMap":{},"fnMap":{},"branchMap":{},"s":{},"f":{},"b":{},"meta":{"lastBranch":0,"lastFunction":0,"lastStatement":0,"seen":{}}}
,"/home/anna/code/Project/frontend/src/locales/uk/roleRequest.json": {"path":"/home/anna/code/Project/frontend/src/locales/uk/roleRequest.json","statementMap":{},"fnMap":{},"branchMap":{},"s":{},"f":{},"b":{},"meta":{"lastBranch":0,"lastFunction":0,"lastStatement":0,"seen":{}}}
,"/home/anna/code/Project/frontend/src/locales/uk/rules.json": {"path":"/home/anna/code/Project/frontend/src/locales/uk/rules.json","statementMap":{},"fnMap":{},"branchMap":{},"s":{},"f":{},"b":{},"meta":{"lastBranch":0,"lastFunction":0,"lastStatement":0,"seen":{}}}
,"/home/anna/code/Project/frontend/src/locales/uk/support.json": {"path":"/home/anna/code/Project/frontend/src/locales/uk/support.json","statementMap":{},"fnMap":{},"branchMap":{},"s":{},"f":{},"b":{},"meta":{"lastBranch":0,"lastFunction":0,"lastStatement":0,"seen":{}}}
,"/home/anna/code/Project/frontend/src/locales/uk/tournaments.json": {"path":"/home/anna/code/Project/frontend/src/locales/uk/tournaments.json","statementMap":{},"fnMap":{},"branchMap":{},"s":{},"f":{},"b":{},"meta":{"lastBranch":0,"lastFunction":0,"lastStatement":0,"seen":{}}}
,"/home/anna/code/Project/frontend/src/pages/JuryPanel/EvaluateTournamentPage.tsx": {"path":"/home/anna/code/Project/frontend/src/pages/JuryPanel/EvaluateTournamentPage.tsx","statementMap":{"0":{"start":{"line":17,"column":31},"end":{"line":202,"column":null}},"1":{"start":{"line":18,"column":12},"end":{"line":18,"column":null}},"2":{"start":{"line":19,"column":13},"end":{"line":19,"column":null}},"3":{"start":{"line":20,"column":50},"end":{"line":20,"column":null}},"4":{"start":{"line":21,"column":8},"end":{"line":21,"column":null}},"5":{"start":{"line":22,"column":15},"end":{"line":22,"column":null}},"6":{"start":{"line":28,"column":2},"end":{"line":36,"column":null}},"7":{"start":{"line":31,"column":6},"end":{"line":31,"column":null}},"8":{"start":{"line":31,"column":15},"end":{"line":31,"column":null}},"9":{"start":{"line":32,"column":6},"end":{"line":32,"column":null}},"10":{"start":{"line":32,"column":17},"end":{"line":32,"column":null}},"11":{"start":{"line":33,"column":6},"end":{"line":33,"column":null}},"12":{"start":{"line":38,"column":15},"end":{"line":38,"column":null}},"13":{"start":{"line":39,"column":23},"end":{"line":39,"column":null}},"14":{"start":{"line":40,"column":22},"end":{"line":40,"column":null}},"15":{"start":{"line":40,"column":73},"end":{"line":40,"column":85}},"16":{"start":{"line":41,"column":22},"end":{"line":41,"column":null}},"17":{"start":{"line":42,"column":24},"end":{"line":42,"column":null}},"18":{"start":{"line":42,"column":50},"end":{"line":42,"column":62}},"19":{"start":{"line":43,"column":21},"end":{"line":43,"column":null}},"20":{"start":{"line":44,"column":22},"end":{"line":44,"column":null}},"21":{"start":{"line":45,"column":24},"end":{"line":45,"column":null}},"22":{"start":{"line":47,"column":8},"end":{"line":61,"column":null}},"23":{"start":{"line":49,"column":6},"end":{"line":49,"column":null}},"24":{"start":{"line":49,"column":41},"end":{"line":49,"column":null}},"25":{"start":{"line":50,"column":6},"end":{"line":50,"column":null}},"26":{"start":{"line":53,"column":6},"end":{"line":55,"column":null}},"27":{"start":{"line":54,"column":8},"end":{"line":54,"column":null}},"28":{"start":{"line":56,"column":6},"end":{"line":56,"column":null}},"29":{"start":{"line":59,"column":6},"end":{"line":59,"column":null}},"30":{"start":{"line":64,"column":4},"end":{"line":70,"column":null}},"31":{"start":{"line":73,"column":2},"end":{"line":200,"column":null}},"32":{"start":{"line":138,"column":31},"end":{"line":138,"column":null}},"33":{"start":{"line":193,"column":14},"end":{"line":193,"column":null}},"34":{"start":{"line":199,"column":71},"end":{"line":199,"column":100}}},"fnMap":{"0":{"name":"(anonymous_0)","decl":{"start":{"line":17,"column":31},"end":{"line":17,"column":37}},"loc":{"start":{"line":17,"column":37},"end":{"line":202,"column":null}},"line":17},"1":{"name":"(anonymous_1)","decl":{"start":{"line":30,"column":13},"end":{"line":30,"column":25}},"loc":{"start":{"line":30,"column":25},"end":{"line":34,"column":null}},"line":30},"2":{"name":"(anonymous_2)","decl":{"start":{"line":40,"column":66},"end":{"line":40,"column":67}},"loc":{"start":{"line":40,"column":73},"end":{"line":40,"column":85}},"line":40},"3":{"name":"(anonymous_3)","decl":{"start":{"line":42,"column":43},"end":{"line":42,"column":44}},"loc":{"start":{"line":42,"column":50},"end":{"line":42,"column":62}},"line":42},"4":{"name":"(anonymous_4)","decl":{"start":{"line":48,"column":16},"end":{"line":48,"column":28}},"loc":{"start":{"line":48,"column":28},"end":{"line":51,"column":null}},"line":48},"5":{"name":"(anonymous_5)","decl":{"start":{"line":52,"column":15},"end":{"line":52,"column":27}},"loc":{"start":{"line":52,"column":27},"end":{"line":57,"column":null}},"line":52},"6":{"name":"(anonymous_6)","decl":{"start":{"line":58,"column":13},"end":{"line":58,"column":14}},"loc":{"start":{"line":58,"column":22},"end":{"line":60,"column":null}},"line":58},"7":{"name":"(anonymous_7)","decl":{"start":{"line":138,"column":25},"end":{"line":138,"column":31}},"loc":{"start":{"line":138,"column":31},"end":{"line":138,"column":null}},"line":138},"8":{"name":"(anonymous_8)","decl":{"start":{"line":192,"column":29},"end":{"line":192,"column":30}},"loc":{"start":{"line":193,"column":14},"end":{"line":193,"column":null}},"line":193},"9":{"name":"(anonymous_9)","decl":{"start":{"line":199,"column":65},"end":{"line":199,"column":71}},"loc":{"start":{"line":199,"column":71},"end":{"line":199,"column":100}},"line":199}},"branchMap":{"0":{"loc":{"start":{"line":25,"column":10},"end":{"line":25,"column":null}},"type":"default-arg","locations":[{"start":{"line":25,"column":24},"end":{"line":25,"column":null}}],"line":25},"1":{"loc":{"start":{"line":29,"column":31},"end":{"line":29,"column":39}},"type":"binary-expr","locations":[{"start":{"line":29,"column":31},"end":{"line":29,"column":37}},{"start":{"line":29,"column":37},"end":{"line":29,"column":39}}],"line":29},"2":{"loc":{"start":{"line":31,"column":6},"end":{"line":31,"column":null}},"type":"if","locations":[{"start":{"line":31,"column":6},"end":{"line":31,"column":null}},{"start":{},"end":{}}],"line":31},"3":{"loc":{"start":{"line":32,"column":6},"end":{"line":32,"column":null}},"type":"if","locations":[{"start":{"line":32,"column":6},"end":{"line":32,"column":null}},{"start":{},"end":{}}],"line":32},"4":{"loc":{"start":{"line":35,"column":13},"end":{"line":35,"column":null}},"type":"binary-expr","locations":[{"start":{"line":35,"column":13},"end":{"line":35,"column":21}},{"start":{"line":35,"column":21},"end":{"line":35,"column":null}}],"line":35},"5":{"loc":{"start":{"line":40,"column":22},"end":{"line":40,"column":null}},"type":"binary-expr","locations":[{"start":{"line":40,"column":22},"end":{"line":40,"column":48}},{"start":{"line":40,"column":48},"end":{"line":40,"column":null}}],"line":40},"6":{"loc":{"start":{"line":44,"column":22},"end":{"line":44,"column":null}},"type":"cond-expr","locations":[{"start":{"line":44,"column":39},"end":{"line":44,"column":88}},{"start":{"line":44,"column":88},"end":{"line":44,"column":null}}],"line":44},"7":{"loc":{"start":{"line":45,"column":24},"end":{"line":45,"column":null}},"type":"binary-expr","locations":[{"start":{"line":45,"column":24},"end":{"line":45,"column":38}},{"start":{"line":45,"column":38},"end":{"line":45,"column":50}},{"start":{"line":45,"column":50},"end":{"line":45,"column":null}}],"line":45},"8":{"loc":{"start":{"line":49,"column":6},"end":{"line":49,"column":null}},"type":"if","locations":[{"start":{"line":49,"column":6},"end":{"line":49,"column":null}},{"start":{},"end":{}}],"line":49},"9":{"loc":{"start":{"line":49,"column":10},"end":{"line":49,"column":41}},"type":"binary-expr","locations":[{"start":{"line":49,"column":10},"end":{"line":49,"column":27}},{"start":{"line":49,"column":27},"end":{"line":49,"column":34}},{"start":{"line":49,"column":34},"end":{"line":49,"column":41}}],"line":49},"10":{"loc":{"start":{"line":53,"column":6},"end":{"line":55,"column":null}},"type":"if","locations":[{"start":{"line":53,"column":6},"end":{"line":55,"column":null}},{"start":{},"end":{}}],"line":53},"11":{"loc":{"start":{"line":59,"column":19},"end":{"line":59,"column":80}},"type":"binary-expr","locations":[{"start":{"line":59,"column":19},"end":{"line":59,"column":45}},{"start":{"line":59,"column":45},"end":{"line":59,"column":80}}],"line":59},"12":{"loc":{"start":{"line":77,"column":15},"end":{"line":77,"column":null}},"type":"binary-expr","locations":[{"start":{"line":77,"column":15},"end":{"line":77,"column":30}},{"start":{"line":77,"column":30},"end":{"line":77,"column":null}}],"line":77},"13":{"loc":{"start":{"line":78,"column":21},"end":{"line":78,"column":null}},"type":"binary-expr","locations":[{"start":{"line":78,"column":21},"end":{"line":78,"column":42}},{"start":{"line":78,"column":42},"end":{"line":78,"column":null}}],"line":78},"14":{"loc":{"start":{"line":82,"column":9},"end":{"line":108,"column":null}},"type":"cond-expr","locations":[{"start":{"line":83,"column":10},"end":{"line":107,"column":null}},{"start":{"line":108,"column":12},"end":{"line":108,"column":null}}],"line":82},"15":{"loc":{"start":{"line":82,"column":9},"end":{"line":82,"column":null}},"type":"binary-expr","locations":[{"start":{"line":82,"column":9},"end":{"line":82,"column":26}},{"start":{"line":82,"column":26},"end":{"line":82,"column":null}}],"line":82},"16":{"loc":{"start":{"line":110,"column":9},"end":{"line":117,"column":null}},"type":"cond-expr","locations":[{"start":{"line":111,"column":10},"end":{"line":116,"column":null}},{"start":{"line":117,"column":12},"end":{"line":117,"column":null}}],"line":110},"17":{"loc":{"start":{"line":110,"column":9},"end":{"line":110,"column":null}},"type":"binary-expr","locations":[{"start":{"line":110,"column":9},"end":{"line":110,"column":26}},{"start":{"line":110,"column":26},"end":{"line":110,"column":null}}],"line":110},"18":{"loc":{"start":{"line":119,"column":9},"end":{"line":146,"column":null}},"type":"cond-expr","locations":[{"start":{"line":120,"column":10},"end":{"line":145,"column":null}},{"start":{"line":146,"column":12},"end":{"line":146,"column":null}}],"line":119},"19":{"loc":{"start":{"line":119,"column":9},"end":{"line":119,"column":null}},"type":"binary-expr","locations":[{"start":{"line":119,"column":9},"end":{"line":119,"column":26}},{"start":{"line":119,"column":26},"end":{"line":119,"column":null}}],"line":119},"20":{"loc":{"start":{"line":124,"column":17},"end":{"line":126,"column":null}},"type":"cond-expr","locations":[{"start":{"line":125,"column":20},"end":{"line":125,"column":null}},{"start":{"line":126,"column":20},"end":{"line":126,"column":null}}],"line":124},"21":{"loc":{"start":{"line":129,"column":17},"end":{"line":129,"column":null}},"type":"cond-expr","locations":[{"start":{"line":129,"column":31},"end":{"line":129,"column":72}},{"start":{"line":129,"column":72},"end":{"line":129,"column":null}}],"line":129},"22":{"loc":{"start":{"line":132,"column":13},"end":{"line":144,"column":null}},"type":"cond-expr","locations":[{"start":{"line":133,"column":14},"end":{"line":143,"column":null}},{"start":{"line":144,"column":16},"end":{"line":144,"column":null}}],"line":132},"23":{"loc":{"start":{"line":148,"column":9},"end":{"line":165,"column":null}},"type":"cond-expr","locations":[{"start":{"line":149,"column":10},"end":{"line":164,"column":null}},{"start":{"line":165,"column":12},"end":{"line":165,"column":null}}],"line":148},"24":{"loc":{"start":{"line":167,"column":9},"end":{"line":175,"column":null}},"type":"cond-expr","locations":[{"start":{"line":168,"column":10},"end":{"line":174,"column":null}},{"start":{"line":175,"column":12},"end":{"line":175,"column":null}}],"line":167},"25":{"loc":{"start":{"line":177,"column":9},"end":{"line":188,"column":null}},"type":"cond-expr","locations":[{"start":{"line":178,"column":10},"end":{"line":187,"column":null}},{"start":{"line":188,"column":12},"end":{"line":188,"column":null}}],"line":177},"26":{"loc":{"start":{"line":177,"column":9},"end":{"line":177,"column":null}},"type":"binary-expr","locations":[{"start":{"line":177,"column":9},"end":{"line":177,"column":23}},{"start":{"line":177,"column":23},"end":{"line":177,"column":35}},{"start":{"line":177,"column":35},"end":{"line":177,"column":null}}],"line":177},"27":{"loc":{"start":{"line":190,"column":9},"end":{"line":196,"column":null}},"type":"cond-expr","locations":[{"start":{"line":191,"column":10},"end":{"line":195,"column":null}},{"start":{"line":196,"column":12},"end":{"line":196,"column":null}}],"line":190},"28":{"loc":{"start":{"line":190,"column":9},"end":{"line":190,"column":null}},"type":"binary-expr","locations":[{"start":{"line":190,"column":9},"end":{"line":190,"column":23}},{"start":{"line":190,"column":23},"end":{"line":190,"column":35}},{"start":{"line":190,"column":35},"end":{"line":190,"column":null}}],"line":190}},"s":{"0":1,"1":24,"2":24,"3":24,"4":24,"5":24,"6":24,"7":12,"8":0,"9":12,"10":0,"11":12,"12":24,"13":24,"14":24,"15":18,"16":24,"17":24,"18":18,"19":24,"20":24,"21":24,"22":24,"23":1,"24":0,"25":1,"26":1,"27":1,"28":1,"29":0,"30":24,"31":24,"32":1,"33":18,"34":1},"f":{"0":24,"1":12,"2":18,"3":18,"4":1,"5":1,"6":0,"7":1,"8":18,"9":1},"b":{"0":[24],"1":[24,0],"2":[0,12],"3":[0,12],"4":[24,24],"5":[24,12],"6":[12,12],"7":[24,14,13],"8":[0,1],"9":[1,1,1],"10":[1,0],"11":[0,0],"12":[24,12],"13":[24,12],"14":[11,13],"15":[24,12],"16":[1,23],"17":[24,12],"18":[11,13],"19":[24,12],"20":[5,6],"21":[5,6],"22":[5,6],"23":[10,14],"24":[1,23],"25":[1,23],"26":[24,14,13],"27":[12,12],"28":[24,14,13]},"meta":{"lastBranch":29,"lastFunction":10,"lastStatement":35,"seen":{"s:17:31:202:Infinity":0,"f:17:31:17:37":0,"s:18:12:18:Infinity":1,"s:19:13:19:Infinity":2,"s:20:50:20:Infinity":3,"s:21:8:21:Infinity":4,"s:22:15:22:Infinity":5,"s:28:2:36:Infinity":6,"b:25:24:25:Infinity":0,"b:29:31:29:37:29:37:29:39":1,"f:30:13:30:25":1,"b:31:6:31:Infinity:undefined:undefined:undefined:undefined":2,"s:31:6:31:Infinity":7,"s:31:15:31:Infinity":8,"b:32:6:32:Infinity:undefined:undefined:undefined:undefined":3,"s:32:6:32:Infinity":9,"s:32:17:32:Infinity":10,"s:33:6:33:Infinity":11,"b:35:13:35:21:35:21:35:Infinity":4,"s:38:15:38:Infinity":12,"s:39:23:39:Infinity":13,"s:40:22:40:Infinity":14,"b:40:22:40:48:40:48:40:Infinity":5,"f:40:66:40:67":2,"s:40:73:40:85":15,"s:41:22:41:Infinity":16,"s:42:24:42:Infinity":17,"f:42:43:42:44":3,"s:42:50:42:62":18,"s:43:21:43:Infinity":19,"s:44:22:44:Infinity":20,"b:44:39:44:88:44:88:44:Infinity":6,"s:45:24:45:Infinity":21,"b:45:24:45:38:45:38:45:50:45:50:45:Infinity":7,"s:47:8:61:Infinity":22,"f:48:16:48:28":4,"b:49:6:49:Infinity:undefined:undefined:undefined:undefined":8,"s:49:6:49:Infinity":23,"b:49:10:49:27:49:27:49:34:49:34:49:41":9,"s:49:41:49:Infinity":24,"s:50:6:50:Infinity":25,"f:52:15:52:27":5,"b:53:6:55:Infinity:undefined:undefined:undefined:undefined":10,"s:53:6:55:Infinity":26,"s:54:8:54:Infinity":27,"s:56:6:56:Infinity":28,"f:58:13:58:14":6,"s:59:6:59:Infinity":29,"b:59:19:59:45:59:45:59:80":11,"s:64:4:70:Infinity":30,"s:73:2:200:Infinity":31,"b:77:15:77:30:77:30:77:Infinity":12,"b:78:21:78:42:78:42:78:Infinity":13,"b:83:10:107:Infinity:108:12:108:Infinity":14,"b:82:9:82:26:82:26:82:Infinity":15,"b:111:10:116:Infinity:117:12:117:Infinity":16,"b:110:9:110:26:110:26:110:Infinity":17,"b:120:10:145:Infinity:146:12:146:Infinity":18,"b:119:9:119:26:119:26:119:Infinity":19,"b:125:20:125:Infinity:126:20:126:Infinity":20,"b:129:31:129:72:129:72:129:Infinity":21,"b:133:14:143:Infinity:144:16:144:Infinity":22,"f:138:25:138:31":7,"s:138:31:138:Infinity":32,"b:149:10:164:Infinity:165:12:165:Infinity":23,"b:168:10:174:Infinity:175:12:175:Infinity":24,"b:178:10:187:Infinity:188:12:188:Infinity":25,"b:177:9:177:23:177:23:177:35:177:35:177:Infinity":26,"b:191:10:195:Infinity:196:12:196:Infinity":27,"b:190:9:190:23:190:23:190:35:190:35:190:Infinity":28,"f:192:29:192:30":8,"s:193:14:193:Infinity":33,"f:199:65:199:71":9,"s:199:71:199:100":34}}}
,"/home/anna/code/Project/frontend/src/pages/JuryPanel/JuryPanel.tsx": {"path":"/home/anna/code/Project/frontend/src/pages/JuryPanel/JuryPanel.tsx","statementMap":{"0":{"start":{"line":11,"column":18},"end":{"line":92,"column":null}},"1":{"start":{"line":12,"column":12},"end":{"line":12,"column":null}},"2":{"start":{"line":13,"column":15},"end":{"line":13,"column":null}},"3":{"start":{"line":15,"column":45},"end":{"line":22,"column":null}},"4":{"start":{"line":18,"column":6},"end":{"line":18,"column":null}},"5":{"start":{"line":18,"column":17},"end":{"line":18,"column":null}},"6":{"start":{"line":19,"column":6},"end":{"line":19,"column":null}},"7":{"start":{"line":24,"column":20},"end":{"line":24,"column":null}},"8":{"start":{"line":25,"column":26},"end":{"line":25,"column":null}},"9":{"start":{"line":27,"column":2},"end":{"line":90,"column":null}},"10":{"start":{"line":49,"column":18},"end":{"line":49,"column":null}},"11":{"start":{"line":85,"column":14},"end":{"line":85,"column":null}}},"fnMap":{"0":{"name":"(anonymous_0)","decl":{"start":{"line":11,"column":18},"end":{"line":11,"column":24}},"loc":{"start":{"line":11,"column":24},"end":{"line":92,"column":null}},"line":11},"1":{"name":"(anonymous_1)","decl":{"start":{"line":17,"column":13},"end":{"line":17,"column":25}},"loc":{"start":{"line":17,"column":25},"end":{"line":20,"column":null}},"line":17},"2":{"name":"(anonymous_2)","decl":{"start":{"line":48,"column":31},"end":{"line":48,"column":32}},"loc":{"start":{"line":49,"column":18},"end":{"line":49,"column":null}},"line":49},"3":{"name":"(anonymous_3)","decl":{"start":{"line":84,"column":23},"end":{"line":84,"column":24}},"loc":{"start":{"line":85,"column":14},"end":{"line":85,"column":null}},"line":85}},"branchMap":{"0":{"loc":{"start":{"line":15,"column":16},"end":{"line":15,"column":28}},"type":"default-arg","locations":[{"start":{"line":15,"column":24},"end":{"line":15,"column":28}}],"line":15},"1":{"loc":{"start":{"line":18,"column":6},"end":{"line":18,"column":null}},"type":"if","locations":[{"start":{"line":18,"column":6},"end":{"line":18,"column":null}},{"start":{},"end":{}}],"line":18},"2":{"loc":{"start":{"line":39,"column":9},"end":{"line":53,"column":null}},"type":"binary-expr","locations":[{"start":{"line":39,"column":9},"end":{"line":39,"column":null}},{"start":{"line":40,"column":10},"end":{"line":53,"column":null}}],"line":39},"3":{"loc":{"start":{"line":56,"column":9},"end":{"line":65,"column":null}},"type":"binary-expr","locations":[{"start":{"line":56,"column":9},"end":{"line":56,"column":null}},{"start":{"line":57,"column":10},"end":{"line":65,"column":null}}],"line":56},"4":{"loc":{"start":{"line":68,"column":9},"end":{"line":79,"column":null}},"type":"binary-expr","locations":[{"start":{"line":68,"column":9},"end":{"line":68,"column":23}},{"start":{"line":68,"column":23},"end":{"line":68,"column":33}},{"start":{"line":68,"column":33},"end":{"line":68,"column":null}},{"start":{"line":69,"column":10},"end":{"line":79,"column":null}}],"line":68},"5":{"loc":{"start":{"line":82,"column":9},"end":{"line":87,"column":null}},"type":"binary-expr","locations":[{"start":{"line":82,"column":9},"end":{"line":82,"column":23}},{"start":{"line":82,"column":23},"end":{"line":82,"column":33}},{"start":{"line":82,"column":33},"end":{"line":82,"column":null}},{"start":{"line":83,"column":10},"end":{"line":87,"column":null}}],"line":82}},"s":{"0":1,"1":7,"2":7,"3":7,"4":4,"5":0,"6":4,"7":7,"8":7,"9":7,"10":12,"11":2},"f":{"0":7,"1":4,"2":12,"3":2},"b":{"0":[7],"1":[0,4],"2":[7,4],"3":[7,1],"4":[7,3,2,1],"5":[7,3,2,1]},"meta":{"lastBranch":6,"lastFunction":4,"lastStatement":12,"seen":{"s:11:18:92:Infinity":0,"f:11:18:11:24":0,"s:12:12:12:Infinity":1,"s:13:15:13:Infinity":2,"s:15:45:22:Infinity":3,"b:15:24:15:28":0,"f:17:13:17:25":1,"b:18:6:18:Infinity:undefined:undefined:undefined:undefined":1,"s:18:6:18:Infinity":4,"s:18:17:18:Infinity":5,"s:19:6:19:Infinity":6,"s:24:20:24:Infinity":7,"s:25:26:25:Infinity":8,"s:27:2:90:Infinity":9,"b:39:9:39:Infinity:40:10:53:Infinity":2,"f:48:31:48:32":2,"s:49:18:49:Infinity":10,"b:56:9:56:Infinity:57:10:65:Infinity":3,"b:68:9:68:23:68:23:68:33:68:33:68:Infinity:69:10:79:Infinity":4,"b:82:9:82:23:82:23:82:33:82:33:82:Infinity:83:10:87:Infinity":5,"f:84:23:84:24":3,"s:85:14:85:Infinity":11}}}
,"/home/anna/code/Project/frontend/src/pages/JuryPanel/formatStatusLabel.ts": {"path":"/home/anna/code/Project/frontend/src/pages/JuryPanel/formatStatusLabel.ts","statementMap":{"0":{"start":{"line":3,"column":2},"end":{"line":3,"column":null}}},"fnMap":{"0":{"name":"formatStatusLabel","decl":{"start":{"line":2,"column":16},"end":{"line":2,"column":34}},"loc":{"start":{"line":2,"column":57},"end":{"line":4,"column":null}},"line":2}},"branchMap":{},"s":{"0":23},"f":{"0":23},"b":{},"meta":{"lastBranch":0,"lastFunction":1,"lastStatement":1,"seen":{"f:2:16:2:34":0,"s:3:2:3:Infinity":0}}}
,"/home/anna/code/Project/frontend/src/pages/JuryPanel/juryQueryKeys.ts": {"path":"/home/anna/code/Project/frontend/src/pages/JuryPanel/juryQueryKeys.ts","statementMap":{"0":{"start":{"line":2,"column":32},"end":{"line":2,"column":null}},"1":{"start":{"line":2,"column":61},"end":{"line":2,"column":null}},"2":{"start":{"line":4,"column":33},"end":{"line":4,"column":null}}},"fnMap":{"0":{"name":"(anonymous_0)","decl":{"start":{"line":2,"column":32},"end":{"line":2,"column":33}},"loc":{"start":{"line":2,"column":61},"end":{"line":2,"column":null}},"line":2}},"branchMap":{},"s":{"0":4,"1":34,"2":4},"f":{"0":34},"b":{},"meta":{"lastBranch":0,"lastFunction":1,"lastStatement":3,"seen":{"s:2:32:2:Infinity":0,"f:2:32:2:33":0,"s:2:61:2:Infinity":1,"s:4:33:4:Infinity":2}}}
,"/home/anna/code/Project/frontend/src/pages/JuryPanel/testFixtures.ts": {"path":"/home/anna/code/Project/frontend/src/pages/JuryPanel/testFixtures.ts","statementMap":{"0":{"start":{"line":5,"column":2},"end":{"line":26,"column":null}},"1":{"start":{"line":33,"column":2},"end":{"line":41,"column":null}},"2":{"start":{"line":45,"column":15},"end":{"line":45,"column":null}},"3":{"start":{"line":46,"column":13},"end":{"line":46,"column":null}},"4":{"start":{"line":48,"column":2},"end":{"line":72,"column":null}}},"fnMap":{"0":{"name":"createMockTask","decl":{"start":{"line":4,"column":16},"end":{"line":4,"column":31}},"loc":{"start":{"line":4,"column":76},"end":{"line":27,"column":null}},"line":4},"1":{"name":"createMockEvaluation","decl":{"start":{"line":29,"column":16},"end":{"line":29,"column":null}},"loc":{"start":{"line":32,"column":24},"end":{"line":42,"column":null}},"line":32},"2":{"name":"createMockAssignment","decl":{"start":{"line":44,"column":16},"end":{"line":44,"column":37}},"loc":{"start":{"line":44,"column":94},"end":{"line":73,"column":null}},"line":44}},"branchMap":{"0":{"loc":{"start":{"line":4,"column":31},"end":{"line":4,"column":76}},"type":"default-arg","locations":[{"start":{"line":4,"column":62},"end":{"line":4,"column":76}}],"line":4},"1":{"loc":{"start":{"line":31,"column":2},"end":{"line":31,"column":null}},"type":"default-arg","locations":[{"start":{"line":31,"column":45},"end":{"line":31,"column":null}}],"line":31},"2":{"loc":{"start":{"line":44,"column":37},"end":{"line":44,"column":94}},"type":"default-arg","locations":[{"start":{"line":44,"column":74},"end":{"line":44,"column":94}}],"line":44},"3":{"loc":{"start":{"line":45,"column":15},"end":{"line":45,"column":null}},"type":"binary-expr","locations":[{"start":{"line":45,"column":15},"end":{"line":45,"column":33}},{"start":{"line":45,"column":33},"end":{"line":45,"column":null}}],"line":45},"4":{"loc":{"start":{"line":46,"column":13},"end":{"line":46,"column":null}},"type":"binary-expr","locations":[{"start":{"line":46,"column":13},"end":{"line":46,"column":29}},{"start":{"line":46,"column":29},"end":{"line":46,"column":null}}],"line":46},"5":{"loc":{"start":{"line":70,"column":16},"end":{"line":70,"column":null}},"type":"binary-expr","locations":[{"start":{"line":70,"column":16},"end":{"line":70,"column":40}},{"start":{"line":70,"column":40},"end":{"line":70,"column":null}}],"line":70}},"s":{"0":31,"1":12,"2":25,"3":25,"4":25},"f":{"0":31,"1":12,"2":25},"b":{"0":[31],"1":[12],"2":[25],"3":[25,22],"4":[25,13],"5":[25,15]},"meta":{"lastBranch":6,"lastFunction":3,"lastStatement":5,"seen":{"f:4:16:4:31":0,"b:4:62:4:76":0,"s:5:2:26:Infinity":0,"f:29:16:29:Infinity":1,"b:31:45:31:Infinity":1,"s:33:2:41:Infinity":1,"f:44:16:44:37":2,"b:44:74:44:94":2,"s:45:15:45:Infinity":2,"b:45:15:45:33:45:33:45:Infinity":3,"s:46:13:46:Infinity":3,"b:46:13:46:29:46:29:46:Infinity":4,"s:48:2:72:Infinity":4,"b:70:16:70:40:70:40:70:Infinity":5}}}
,"/home/anna/code/Project/frontend/src/pages/JuryPanel/testUtils.tsx": {"path":"/home/anna/code/Project/frontend/src/pages/JuryPanel/testUtils.tsx","statementMap":{"0":{"start":{"line":7,"column":2},"end":{"line":12,"column":null}},"1":{"start":{"line":26,"column":4},"end":{"line":29,"column":null}},"2":{"start":{"line":33,"column":2},"end":{"line":36,"column":null}}},"fnMap":{"0":{"name":"createTestQueryClient","decl":{"start":{"line":6,"column":16},"end":{"line":6,"column":40}},"loc":{"start":{"line":6,"column":40},"end":{"line":13,"column":null}},"line":6},"1":{"name":"renderWithJuryProviders","decl":{"start":{"line":20,"column":16},"end":{"line":20,"column":null}},"loc":{"start":{"line":24,"column":2},"end":{"line":37,"column":null}},"line":24},"2":{"name":"Wrapper","decl":{"start":{"line":25,"column":11},"end":{"line":25,"column":19}},"loc":{"start":{"line":25,"column":58},"end":{"line":31,"column":null}},"line":25}},"branchMap":{"0":{"loc":{"start":{"line":22,"column":2},"end":{"line":22,"column":null}},"type":"default-arg","locations":[{"start":{"line":22,"column":76},"end":{"line":22,"column":null}}],"line":22},"1":{"loc":{"start":{"line":22,"column":4},"end":{"line":22,"column":17}},"type":"default-arg","locations":[{"start":{"line":22,"column":12},"end":{"line":22,"column":17}}],"line":22},"2":{"loc":{"start":{"line":22,"column":17},"end":{"line":22,"column":55}},"type":"default-arg","locations":[{"start":{"line":22,"column":31},"end":{"line":22,"column":55}}],"line":22}},"s":{"0":22,"1":22,"2":22},"f":{"0":22,"1":22,"2":22},"b":{"0":[22],"1":[22],"2":[22]},"meta":{"lastBranch":3,"lastFunction":3,"lastStatement":3,"seen":{"f:6:16:6:40":0,"s:7:2:12:Infinity":0,"f:20:16:20:Infinity":1,"b:22:76:22:Infinity":0,"b:22:12:22:17":1,"b:22:31:22:55":2,"f:25:11:25:19":2,"s:26:4:29:Infinity":1,"s:33:2:36:Infinity":2}}}
,"/home/anna/code/Project/frontend/src/pages/JuryPanel/components/EvaluationsModal.tsx": {"path":"/home/anna/code/Project/frontend/src/pages/JuryPanel/components/EvaluationsModal.tsx","statementMap":{"0":{"start":{"line":20,"column":2},"end":{"line":22,"column":null}},"1":{"start":{"line":21,"column":66},"end":{"line":21,"column":97}},"2":{"start":{"line":26,"column":12},"end":{"line":26,"column":null}},"3":{"start":{"line":27,"column":8},"end":{"line":27,"column":null}},"4":{"start":{"line":28,"column":28},"end":{"line":28,"column":null}},"5":{"start":{"line":28,"column":47},"end":{"line":28,"column":83}},"6":{"start":{"line":29,"column":38},"end":{"line":29,"column":null}},"7":{"start":{"line":29,"column":57},"end":{"line":29,"column":88}},"8":{"start":{"line":31,"column":8},"end":{"line":57,"column":null}},"9":{"start":{"line":33,"column":6},"end":{"line":33,"column":null}},"10":{"start":{"line":33,"column":29},"end":{"line":33,"column":null}},"11":{"start":{"line":34,"column":6},"end":{"line":45,"column":null}},"12":{"start":{"line":38,"column":73},"end":{"line":41,"column":12}},"13":{"start":{"line":48,"column":12},"end":{"line":48,"column":null}},"14":{"start":{"line":49,"column":6},"end":{"line":53,"column":null}},"15":{"start":{"line":50,"column":8},"end":{"line":52,"column":null}},"16":{"start":{"line":51,"column":10},"end":{"line":51,"column":null}},"17":{"start":{"line":54,"column":6},"end":{"line":54,"column":null}},"18":{"start":{"line":55,"column":6},"end":{"line":55,"column":null}},"19":{"start":{"line":58,"column":22},"end":{"line":58,"column":null}},"20":{"start":{"line":60,"column":2},"end":{"line":183,"column":null}},"21":{"start":{"line":105,"column":14},"end":{"line":139,"column":null}},"22":{"start":{"line":122,"column":22},"end":{"line":125,"column":null}},"23":{"start":{"line":122,"column":49},"end":{"line":125,"column":24}},"24":{"start":{"line":149,"column":37},"end":{"line":149,"column":null}},"25":{"start":{"line":174,"column":31},"end":{"line":174,"column":null}},"26":{"start":{"line":187,"column":25},"end":{"line":190,"column":null}},"27":{"start":{"line":188,"column":2},"end":{"line":188,"column":null}},"28":{"start":{"line":188,"column":19},"end":{"line":188,"column":null}},"29":{"start":{"line":189,"column":2},"end":{"line":189,"column":null}}},"fnMap":{"0":{"name":"initialRequirements","decl":{"start":{"line":19,"column":9},"end":{"line":19,"column":29}},"loc":{"start":{"line":19,"column":81},"end":{"line":23,"column":null}},"line":19},"1":{"name":"(anonymous_1)","decl":{"start":{"line":21,"column":56},"end":{"line":21,"column":57}},"loc":{"start":{"line":21,"column":66},"end":{"line":21,"column":97}},"line":21},"2":{"name":"EvaluationsModalInner","decl":{"start":{"line":25,"column":9},"end":{"line":25,"column":31}},"loc":{"start":{"line":25,"column":109},"end":{"line":185,"column":null}},"line":25},"3":{"name":"(anonymous_3)","decl":{"start":{"line":28,"column":41},"end":{"line":28,"column":47}},"loc":{"start":{"line":28,"column":47},"end":{"line":28,"column":83}},"line":28},"4":{"name":"(anonymous_4)","decl":{"start":{"line":29,"column":51},"end":{"line":29,"column":57}},"loc":{"start":{"line":29,"column":57},"end":{"line":29,"column":88}},"line":29},"5":{"name":"(anonymous_5)","decl":{"start":{"line":32,"column":16},"end":{"line":32,"column":28}},"loc":{"start":{"line":32,"column":28},"end":{"line":46,"column":null}},"line":32},"6":{"name":"(anonymous_6)","decl":{"start":{"line":38,"column":57},"end":{"line":38,"column":58}},"loc":{"start":{"line":38,"column":73},"end":{"line":41,"column":12}},"line":38},"7":{"name":"(anonymous_7)","decl":{"start":{"line":47,"column":15},"end":{"line":47,"column":22}},"loc":{"start":{"line":47,"column":42},"end":{"line":56,"column":null}},"line":47},"8":{"name":"(anonymous_8)","decl":{"start":{"line":49,"column":59},"end":{"line":49,"column":60}},"loc":{"start":{"line":50,"column":8},"end":{"line":52,"column":null}},"line":50},"9":{"name":"(anonymous_9)","decl":{"start":{"line":50,"column":22},"end":{"line":50,"column":23}},"loc":{"start":{"line":51,"column":10},"end":{"line":51,"column":null}},"line":51},"10":{"name":"(anonymous_10)","decl":{"start":{"line":104,"column":42},"end":{"line":104,"column":43}},"loc":{"start":{"line":105,"column":14},"end":{"line":139,"column":null}},"line":105},"11":{"name":"(anonymous_11)","decl":{"start":{"line":121,"column":30},"end":{"line":121,"column":31}},"loc":{"start":{"line":122,"column":22},"end":{"line":125,"column":null}},"line":122},"12":{"name":"(anonymous_12)","decl":{"start":{"line":122,"column":38},"end":{"line":122,"column":39}},"loc":{"start":{"line":122,"column":49},"end":{"line":125,"column":24}},"line":122},"13":{"name":"(anonymous_13)","decl":{"start":{"line":149,"column":26},"end":{"line":149,"column":27}},"loc":{"start":{"line":149,"column":37},"end":{"line":149,"column":null}},"line":149},"14":{"name":"(anonymous_14)","decl":{"start":{"line":174,"column":25},"end":{"line":174,"column":31}},"loc":{"start":{"line":174,"column":31},"end":{"line":174,"column":null}},"line":174},"15":{"name":"(anonymous_15)","decl":{"start":{"line":187,"column":25},"end":{"line":187,"column":26}},"loc":{"start":{"line":187,"column":77},"end":{"line":190,"column":null}},"line":187}},"branchMap":{"0":{"loc":{"start":{"line":21,"column":5},"end":{"line":21,"column":52}},"type":"binary-expr","locations":[{"start":{"line":21,"column":5},"end":{"line":21,"column":48}},{"start":{"line":21,"column":48},"end":{"line":21,"column":52}}],"line":21},"1":{"loc":{"start":{"line":28,"column":47},"end":{"line":28,"column":83}},"type":"binary-expr","locations":[{"start":{"line":28,"column":47},"end":{"line":28,"column":81}},{"start":{"line":28,"column":81},"end":{"line":28,"column":83}}],"line":28},"2":{"loc":{"start":{"line":33,"column":6},"end":{"line":33,"column":null}},"type":"if","locations":[{"start":{"line":33,"column":6},"end":{"line":33,"column":null}},{"start":{},"end":{}}],"line":33},"3":{"loc":{"start":{"line":40,"column":19},"end":{"line":40,"column":null}},"type":"binary-expr","locations":[{"start":{"line":40,"column":19},"end":{"line":40,"column":49}},{"start":{"line":40,"column":49},"end":{"line":40,"column":null}}],"line":40},"4":{"loc":{"start":{"line":51,"column":10},"end":{"line":51,"column":null}},"type":"cond-expr","locations":[{"start":{"line":51,"column":38},"end":{"line":51,"column":81}},{"start":{"line":51,"column":81},"end":{"line":51,"column":null}}],"line":51},"5":{"loc":{"start":{"line":97,"column":11},"end":{"line":101,"column":null}},"type":"cond-expr","locations":[{"start":{"line":98,"column":12},"end":{"line":100,"column":null}},{"start":{"line":101,"column":14},"end":{"line":101,"column":null}}],"line":97},"6":{"loc":{"start":{"line":112,"column":21},"end":{"line":114,"column":null}},"type":"cond-expr","locations":[{"start":{"line":113,"column":22},"end":{"line":113,"column":null}},{"start":{"line":114,"column":24},"end":{"line":114,"column":null}}],"line":112},"7":{"loc":{"start":{"line":120,"column":27},"end":{"line":120,"column":null}},"type":"binary-expr","locations":[{"start":{"line":120,"column":27},"end":{"line":120,"column":57}},{"start":{"line":120,"column":57},"end":{"line":120,"column":null}}],"line":120},"8":{"loc":{"start":{"line":164,"column":9},"end":{"line":181,"column":null}},"type":"cond-expr","locations":[{"start":{"line":165,"column":10},"end":{"line":180,"column":null}},{"start":{"line":181,"column":12},"end":{"line":181,"column":null}}],"line":164},"9":{"loc":{"start":{"line":188,"column":2},"end":{"line":188,"column":null}},"type":"if","locations":[{"start":{"line":188,"column":2},"end":{"line":188,"column":null}},{"start":{},"end":{}}],"line":188}},"s":{"0":9,"1":2,"2":14,"3":14,"4":14,"5":9,"6":14,"7":9,"8":14,"9":3,"10":0,"11":3,"12":3,"13":3,"14":3,"15":3,"16":3,"17":3,"18":3,"19":14,"20":14,"21":14,"22":2,"23":2,"24":1,"25":3,"26":2,"27":31,"28":22,"29":9},"f":{"0":9,"1":2,"2":14,"3":9,"4":9,"5":3,"6":3,"7":3,"8":3,"9":3,"10":14,"11":2,"12":2,"13":1,"14":3,"15":31},"b":{"0":[9,7],"1":[9,7],"2":[0,3],"3":[3,2],"4":[2,1],"5":[1,13],"6":[14,0],"7":[14,9],"8":[13,1],"9":[22,9]},"meta":{"lastBranch":10,"lastFunction":16,"lastStatement":30,"seen":{"f:19:9:19:29":0,"s:20:2:22:Infinity":0,"b:21:5:21:48:21:48:21:52":0,"f:21:56:21:57":1,"s:21:66:21:97":1,"f:25:9:25:31":2,"s:26:12:26:Infinity":2,"s:27:8:27:Infinity":3,"s:28:28:28:Infinity":4,"f:28:41:28:47":3,"s:28:47:28:83":5,"b:28:47:28:81:28:81:28:83":1,"s:29:38:29:Infinity":6,"f:29:51:29:57":4,"s:29:57:29:88":7,"s:31:8:57:Infinity":8,"f:32:16:32:28":5,"b:33:6:33:Infinity:undefined:undefined:undefined:undefined":2,"s:33:6:33:Infinity":9,"s:33:29:33:Infinity":10,"s:34:6:45:Infinity":11,"f:38:57:38:58":6,"s:38:73:41:12":12,"b:40:19:40:49:40:49:40:Infinity":3,"f:47:15:47:22":7,"s:48:12:48:Infinity":13,"s:49:6:53:Infinity":14,"f:49:59:49:60":8,"s:50:8:52:Infinity":15,"f:50:22:50:23":9,"s:51:10:51:Infinity":16,"b:51:38:51:81:51:81:51:Infinity":4,"s:54:6:54:Infinity":17,"s:55:6:55:Infinity":18,"s:58:22:58:Infinity":19,"s:60:2:183:Infinity":20,"b:98:12:100:Infinity:101:14:101:Infinity":5,"f:104:42:104:43":10,"s:105:14:139:Infinity":21,"b:113:22:113:Infinity:114:24:114:Infinity":6,"b:120:27:120:57:120:57:120:Infinity":7,"f:121:30:121:31":11,"s:122:22:125:Infinity":22,"f:122:38:122:39":12,"s:122:49:125:24":23,"f:149:26:149:27":13,"s:149:37:149:Infinity":24,"b:165:10:180:Infinity:181:12:181:Infinity":8,"f:174:25:174:31":14,"s:174:31:174:Infinity":25,"s:187:25:190:Infinity":26,"f:187:25:187:26":15,"b:188:2:188:Infinity:undefined:undefined:undefined:undefined":9,"s:188:2:188:Infinity":27,"s:188:19:188:Infinity":28,"s:189:2:189:Infinity":29}}}
,"/home/anna/code/Project/frontend/src/pages/JuryPanel/components/JuryPanelShell.tsx": {"path":"/home/anna/code/Project/frontend/src/pages/JuryPanel/components/JuryPanelShell.tsx","statementMap":{"0":{"start":{"line":24,"column":2},"end":{"line":70,"column":null}}},"fnMap":{"0":{"name":"JuryPanelShell","decl":{"start":{"line":16,"column":16},"end":{"line":16,"column":31}},"loc":{"start":{"line":23,"column":24},"end":{"line":72,"column":null}},"line":23}},"branchMap":{"0":{"loc":{"start":{"line":37,"column":11},"end":{"line":37,"column":null}},"type":"cond-expr","locations":[{"start":{"line":37,"column":27},"end":{"line":37,"column":73}},{"start":{"line":37,"column":73},"end":{"line":37,"column":null}}],"line":37},"1":{"loc":{"start":{"line":46,"column":13},"end":{"line":52,"column":null}},"type":"cond-expr","locations":[{"start":{"line":47,"column":14},"end":{"line":51,"column":null}},{"start":{"line":52,"column":16},"end":{"line":52,"column":null}}],"line":46},"2":{"loc":{"start":{"line":54,"column":11},"end":{"line":56,"column":null}},"type":"cond-expr","locations":[{"start":{"line":55,"column":12},"end":{"line":55,"column":null}},{"start":{"line":56,"column":14},"end":{"line":56,"column":null}}],"line":54}},"s":{"0":27},"f":{"0":27},"b":{"0":[24,3],"1":[13,14],"2":[24,3]},"meta":{"lastBranch":3,"lastFunction":1,"lastStatement":1,"seen":{"f:16:16:16:31":0,"s:24:2:70:Infinity":0,"b:37:27:37:73:37:73:37:Infinity":0,"b:47:14:51:Infinity:52:16:52:Infinity":1,"b:55:12:55:Infinity:56:14:56:Infinity":2}}}
,"/home/anna/code/Project/frontend/src/pages/JuryPanel/components/SubmissionCard.tsx": {"path":"/home/anna/code/Project/frontend/src/pages/JuryPanel/components/SubmissionCard.tsx","statementMap":{"0":{"start":{"line":11,"column":23},"end":{"line":83,"column":null}},"1":{"start":{"line":12,"column":12},"end":{"line":12,"column":null}},"2":{"start":{"line":13,"column":15},"end":{"line":13,"column":null}},"3":{"start":{"line":14,"column":17},"end":{"line":14,"column":null}},"4":{"start":{"line":16,"column":19},"end":{"line":16,"column":null}},"5":{"start":{"line":18,"column":2},"end":{"line":81,"column":null}},"6":{"start":{"line":51,"column":14},"end":{"line":56,"column":null}},"7":{"start":{"line":69,"column":25},"end":{"line":69,"column":null}}},"fnMap":{"0":{"name":"(anonymous_0)","decl":{"start":{"line":11,"column":23},"end":{"line":11,"column":24}},"loc":{"start":{"line":11,"column":72},"end":{"line":83,"column":null}},"line":11},"1":{"name":"(anonymous_1)","decl":{"start":{"line":50,"column":43},"end":{"line":50,"column":44}},"loc":{"start":{"line":51,"column":14},"end":{"line":56,"column":null}},"line":51},"2":{"name":"(anonymous_2)","decl":{"start":{"line":69,"column":19},"end":{"line":69,"column":25}},"loc":{"start":{"line":69,"column":25},"end":{"line":69,"column":null}},"line":69}},"branchMap":{"0":{"loc":{"start":{"line":16,"column":19},"end":{"line":16,"column":null}},"type":"cond-expr","locations":[{"start":{"line":16,"column":27},"end":{"line":16,"column":93}},{"start":{"line":16,"column":93},"end":{"line":16,"column":null}}],"line":16},"1":{"loc":{"start":{"line":16,"column":27},"end":{"line":16,"column":93}},"type":"cond-expr","locations":[{"start":{"line":16,"column":36},"end":{"line":16,"column":63}},{"start":{"line":16,"column":63},"end":{"line":16,"column":93}}],"line":16},"2":{"loc":{"start":{"line":22,"column":8},"end":{"line":24,"column":null}},"type":"cond-expr","locations":[{"start":{"line":23,"column":12},"end":{"line":23,"column":null}},{"start":{"line":24,"column":12},"end":{"line":24,"column":null}}],"line":22},"3":{"loc":{"start":{"line":39,"column":14},"end":{"line":41,"column":null}},"type":"cond-expr","locations":[{"start":{"line":40,"column":18},"end":{"line":40,"column":null}},{"start":{"line":41,"column":18},"end":{"line":41,"column":null}}],"line":39},"4":{"loc":{"start":{"line":44,"column":13},"end":{"line":44,"column":null}},"type":"cond-expr","locations":[{"start":{"line":44,"column":20},"end":{"line":44,"column":47}},{"start":{"line":44,"column":47},"end":{"line":44,"column":null}}],"line":44},"5":{"loc":{"start":{"line":49,"column":11},"end":{"line":61,"column":null}},"type":"cond-expr","locations":[{"start":{"line":50,"column":12},"end":{"line":57,"column":null}},{"start":{"line":59,"column":12},"end":{"line":61,"column":null}}],"line":49},"6":{"loc":{"start":{"line":73,"column":12},"end":{"line":75,"column":null}},"type":"cond-expr","locations":[{"start":{"line":74,"column":16},"end":{"line":74,"column":null}},{"start":{"line":75,"column":16},"end":{"line":75,"column":null}}],"line":73},"7":{"loc":{"start":{"line":73,"column":12},"end":{"line":73,"column":null}},"type":"binary-expr","locations":[{"start":{"line":73,"column":12},"end":{"line":73,"column":20}},{"start":{"line":73,"column":20},"end":{"line":73,"column":null}}],"line":73}},"s":{"0":2,"1":21,"2":21,"3":21,"4":21,"5":21,"6":1,"7":3},"f":{"0":21,"1":1,"2":3},"b":{"0":[12,9],"1":[2,10],"2":[12,9],"3":[12,9],"4":[12,9],"5":[1,20],"6":[10,11],"7":[21,12]},"meta":{"lastBranch":8,"lastFunction":3,"lastStatement":8,"seen":{"s:11:23:83:Infinity":0,"f:11:23:11:24":0,"s:12:12:12:Infinity":1,"s:13:15:13:Infinity":2,"s:14:17:14:Infinity":3,"s:16:19:16:Infinity":4,"b:16:27:16:93:16:93:16:Infinity":0,"b:16:36:16:63:16:63:16:93":1,"s:18:2:81:Infinity":5,"b:23:12:23:Infinity:24:12:24:Infinity":2,"b:40:18:40:Infinity:41:18:41:Infinity":3,"b:44:20:44:47:44:47:44:Infinity":4,"b:50:12:57:Infinity:59:12:61:Infinity":5,"f:50:43:50:44":1,"s:51:14:56:Infinity":6,"f:69:19:69:25":2,"s:69:25:69:Infinity":7,"b:74:16:74:Infinity:75:16:75:Infinity":6,"b:73:12:73:20:73:20:73:Infinity":7}}}
,"/home/anna/code/Project/frontend/src/pages/JuryPanel/components/TournamentCard.tsx": {"path":"/home/anna/code/Project/frontend/src/pages/JuryPanel/components/TournamentCard.tsx","statementMap":{"0":{"start":{"line":12,"column":23},"end":{"line":61,"column":null}},"1":{"start":{"line":13,"column":12},"end":{"line":13,"column":null}},"2":{"start":{"line":15,"column":2},"end":{"line":59,"column":null}}},"fnMap":{"0":{"name":"(anonymous_0)","decl":{"start":{"line":12,"column":23},"end":{"line":12,"column":24}},"loc":{"start":{"line":12,"column":58},"end":{"line":61,"column":null}},"line":12}},"branchMap":{"0":{"loc":{"start":{"line":37,"column":9},"end":{"line":37,"column":null}},"type":"binary-expr","locations":[{"start":{"line":37,"column":9},"end":{"line":37,"column":29}},{"start":{"line":37,"column":29},"end":{"line":37,"column":null}}],"line":37}},"s":{"0":2,"1":6,"2":6},"f":{"0":6},"b":{"0":[6,1]},"meta":{"lastBranch":1,"lastFunction":1,"lastStatement":3,"seen":{"s:12:23:61:Infinity":0,"f:12:23:12:24":0,"s:13:12:13:Infinity":1,"s:15:2:59:Infinity":2,"b:37:9:37:29:37:29:37:Infinity":0}}}
,"/home/anna/code/Project/frontend/src/utils/cn.ts": {"path":"/home/anna/code/Project/frontend/src/utils/cn.ts","statementMap":{"0":{"start":{"line":5,"column":2},"end":{"line":5,"column":null}}},"fnMap":{"0":{"name":"cn","decl":{"start":{"line":4,"column":16},"end":{"line":4,"column":22}},"loc":{"start":{"line":4,"column":44},"end":{"line":6,"column":null}},"line":4}},"branchMap":{},"s":{"0":174},"f":{"0":174},"b":{},"meta":{"lastBranch":0,"lastFunction":1,"lastStatement":1,"seen":{"f:4:16:4:22":0,"s:5:2:5:Infinity":0}}}
}
